<?xml version="1.0" encoding="UTF-8"?>
<!-- Generated by org.testng.reporters.JUnitReportReporter -->
<testsuite skipped="0" hostname="DESKTOP-6DH44IU" name="co.edureka.TestPackages.TestCaseClass" tests="1" failures="0" timestamp="24 Apr 2020 13:24:02 GMT" time="88.826" errors="0">
  <testcase name="returnTicket" time="88.826" classname="co.edureka.TestPackages.TestCaseClass"/>
</testsuite> <!-- co.edureka.TestPackages.TestCaseClass -->
